
C:\Downloaded Files\Virtual-Com-2\Virtual-Com-2\Project\Virtual_COM_Port\RIDE\STM3210E-OPEN4\stm32f10x_rcc.o:     file format elf32-littlearm
C:\Downloaded Files\Virtual-Com-2\Virtual-Com-2\Project\Virtual_COM_Port\RIDE\STM3210E-OPEN4\stm32f10x_rcc.o


Disassembly of section .text.RCC_DeInit:

00000000 <RCC_DeInit>:
RCC_DeInit():
C:\Downloaded Files\Virtual-Com-2\Virtual-Com-2\Project\Virtual_COM_Port\RIDE\Libraries\STM32F10x_StdPeriph_Driver\src/stm32f10x_rcc.c:229
  * @retval None
  */
void RCC_DeInit(void)
{
  /* Set HSION bit */
  RCC->CR |= (uint32_t)0x00000001;
   0:	4b0d      	ldr	r3, [pc, #52]	; (38 <RCC_DeInit+0x38>)
   2:	681a      	ldr	r2, [r3, #0]
   4:	f042 0201 	orr.w	r2, r2, #1
   8:	601a      	str	r2, [r3, #0]
C:\Downloaded Files\Virtual-Com-2\Virtual-Com-2\Project\Virtual_COM_Port\RIDE\Libraries\STM32F10x_StdPeriph_Driver\src/stm32f10x_rcc.c:233

  /* Reset SW, HPRE, PPRE1, PPRE2, ADCPRE and MCO bits */
#ifndef STM32F10X_CL
  RCC->CFGR &= (uint32_t)0xF8FF0000;
   a:	6859      	ldr	r1, [r3, #4]
   c:	4a0b      	ldr	r2, [pc, #44]	; (3c <RCC_DeInit+0x3c>)
   e:	ea01 0202 	and.w	r2, r1, r2
  12:	605a      	str	r2, [r3, #4]
C:\Downloaded Files\Virtual-Com-2\Virtual-Com-2\Project\Virtual_COM_Port\RIDE\Libraries\STM32F10x_StdPeriph_Driver\src/stm32f10x_rcc.c:239
#else
  RCC->CFGR &= (uint32_t)0xF0FF0000;
#endif /* STM32F10X_CL */   
  
  /* Reset HSEON, CSSON and PLLON bits */
  RCC->CR &= (uint32_t)0xFEF6FFFF;
  14:	681a      	ldr	r2, [r3, #0]
  16:	f022 7284 	bic.w	r2, r2, #17301504	; 0x1080000
  1a:	f422 3280 	bic.w	r2, r2, #65536	; 0x10000
  1e:	601a      	str	r2, [r3, #0]
C:\Downloaded Files\Virtual-Com-2\Virtual-Com-2\Project\Virtual_COM_Port\RIDE\Libraries\STM32F10x_StdPeriph_Driver\src/stm32f10x_rcc.c:242

  /* Reset HSEBYP bit */
  RCC->CR &= (uint32_t)0xFFFBFFFF;
  20:	681a      	ldr	r2, [r3, #0]
  22:	f422 2280 	bic.w	r2, r2, #262144	; 0x40000
  26:	601a      	str	r2, [r3, #0]
C:\Downloaded Files\Virtual-Com-2\Virtual-Com-2\Project\Virtual_COM_Port\RIDE\Libraries\STM32F10x_StdPeriph_Driver\src/stm32f10x_rcc.c:245

  /* Reset PLLSRC, PLLXTPRE, PLLMUL and USBPRE/OTGFSPRE bits */
  RCC->CFGR &= (uint32_t)0xFF80FFFF;
  28:	685a      	ldr	r2, [r3, #4]
  2a:	f422 02fe 	bic.w	r2, r2, #8323072	; 0x7f0000
  2e:	605a      	str	r2, [r3, #4]
C:\Downloaded Files\Virtual-Com-2\Virtual-Com-2\Project\Virtual_COM_Port\RIDE\Libraries\STM32F10x_StdPeriph_Driver\src/stm32f10x_rcc.c:264

  /* Reset CFGR2 register */
  RCC->CFGR2 = 0x00000000;      
#else
  /* Disable all interrupts and clear pending bits  */
  RCC->CIR = 0x009F0000;
  30:	f44f 021f 	mov.w	r2, #10420224	; 0x9f0000
  34:	609a      	str	r2, [r3, #8]
C:\Downloaded Files\Virtual-Com-2\Virtual-Com-2\Project\Virtual_COM_Port\RIDE\Libraries\STM32F10x_StdPeriph_Driver\src/stm32f10x_rcc.c:267
#endif /* STM32F10X_CL */

}
  36:	4770      	bx	lr
  38:	40021000 	.word	0x40021000
  3c:	f8ff0000 	.word	0xf8ff0000

Disassembly of section .text.RCC_HSEConfig:

00000000 <RCC_HSEConfig>:
RCC_HSEConfig():
C:\Downloaded Files\Virtual-Com-2\Virtual-Com-2\Project\Virtual_COM_Port\RIDE\Libraries\STM32F10x_StdPeriph_Driver\src/stm32f10x_rcc.c:285
{
  /* Check the parameters */
  assert_param(IS_RCC_HSE(RCC_HSE));
  /* Reset HSEON and HSEBYP bits before configuring the HSE ------------------*/
  /* Reset HSEON bit */
  RCC->CR &= CR_HSEON_Reset;
   0:	f5b04b0c 	.word	0xf5b04b0c
C:\Downloaded Files\Virtual-Com-2\Virtual-Com-2\Project\Virtual_COM_Port\RIDE\Libraries\STM32F10x_StdPeriph_Driver\src/stm32f10x_rcc.c:289
  /* Reset HSEBYP bit */
  RCC->CR &= CR_HSEBYP_Reset;
  /* Configure HSE (RCC_HSE_OFF is already covered by the code section above) */
  switch(RCC_HSE)
   4:	3f80      	subs	r7, #128	; 0x80
C:\Downloaded Files\Virtual-Com-2\Virtual-Com-2\Project\Virtual_COM_Port\RIDE\Libraries\STM32F10x_StdPeriph_Driver\src/stm32f10x_rcc.c:285
{
  /* Check the parameters */
  assert_param(IS_RCC_HSE(RCC_HSE));
  /* Reset HSEON and HSEBYP bits before configuring the HSE ------------------*/
  /* Reset HSEON bit */
  RCC->CR &= CR_HSEON_Reset;
   6:	681a      	ldr	r2, [r3, #0]
   8:	f422 3280 	bic.w	r2, r2, #65536	; 0x10000
   c:	601a      	str	r2, [r3, #0]
C:\Downloaded Files\Virtual-Com-2\Virtual-Com-2\Project\Virtual_COM_Port\RIDE\Libraries\STM32F10x_StdPeriph_Driver\src/stm32f10x_rcc.c:287
  /* Reset HSEBYP bit */
  RCC->CR &= CR_HSEBYP_Reset;
   e:	681a      	ldr	r2, [r3, #0]
  10:	f422 2280 	bic.w	r2, r2, #262144	; 0x40000
  14:	601a      	str	r2, [r3, #0]
C:\Downloaded Files\Virtual-Com-2\Virtual-Com-2\Project\Virtual_COM_Port\RIDE\Libraries\STM32F10x_StdPeriph_Driver\src/stm32f10x_rcc.c:289
  /* Configure HSE (RCC_HSE_OFF is already covered by the code section above) */
  switch(RCC_HSE)
  16:	d003      	beq.n	20 <RCC_HSEConfig+0x20>
  18:	f5b0 2f80 	cmp.w	r0, #262144	; 0x40000
  1c:	d109      	bne.n	32 <RCC_HSEConfig+0x32>
  1e:	e004      	b.n	2a <RCC_HSEConfig+0x2a>
C:\Downloaded Files\Virtual-Com-2\Virtual-Com-2\Project\Virtual_COM_Port\RIDE\Libraries\STM32F10x_StdPeriph_Driver\src/stm32f10x_rcc.c:293
  {
    case RCC_HSE_ON:
      /* Set HSEON bit */
      RCC->CR |= CR_HSEON_Set;
  20:	681a      	ldr	r2, [r3, #0]
  22:	f442 3280 	orr.w	r2, r2, #65536	; 0x10000
  26:	601a      	str	r2, [r3, #0]
C:\Downloaded Files\Virtual-Com-2\Virtual-Com-2\Project\Virtual_COM_Port\RIDE\Libraries\STM32F10x_StdPeriph_Driver\src/stm32f10x_rcc.c:294
      break;
  28:	4770      	bx	lr
C:\Downloaded Files\Virtual-Com-2\Virtual-Com-2\Project\Virtual_COM_Port\RIDE\Libraries\STM32F10x_StdPeriph_Driver\src/stm32f10x_rcc.c:298
      
    case RCC_HSE_Bypass:
      /* Set HSEBYP and HSEON bits */
      RCC->CR |= CR_HSEBYP_Set | CR_HSEON_Set;
  2a:	681a      	ldr	r2, [r3, #0]
  2c:	f442 22a0 	orr.w	r2, r2, #327680	; 0x50000
  30:	601a      	str	r2, [r3, #0]
  32:	4770      	bx	lr
  34:	40021000 	.word	0x40021000

Disassembly of section .text.RCC_AdjustHSICalibrationValue:

00000000 <RCC_AdjustHSICalibrationValue>:
RCC_AdjustHSICalibrationValue():
C:\Downloaded Files\Virtual-Com-2\Virtual-Com-2\Project\Virtual_COM_Port\RIDE\Libraries\STM32F10x_StdPeriph_Driver\src/stm32f10x_rcc.c:348
void RCC_AdjustHSICalibrationValue(uint8_t HSICalibrationValue)
{
  uint32_t tmpreg = 0;
  /* Check the parameters */
  assert_param(IS_RCC_CALIBRATION_VALUE(HSICalibrationValue));
  tmpreg = RCC->CR;
   0:	681a4b03 	.word	0x681a4b03
C:\Downloaded Files\Virtual-Com-2\Virtual-Com-2\Project\Virtual_COM_Port\RIDE\Libraries\STM32F10x_StdPeriph_Driver\src/stm32f10x_rcc.c:350
  /* Clear HSITRIM[4:0] bits */
  tmpreg &= CR_HSITRIM_Mask;
   4:	f022 02f8 	bic.w	r2, r2, #248	; 0xf8
C:\Downloaded Files\Virtual-Com-2\Virtual-Com-2\Project\Virtual_COM_Port\RIDE\Libraries\STM32F10x_StdPeriph_Driver\src/stm32f10x_rcc.c:352
  /* Set the HSITRIM[4:0] bits according to HSICalibrationValue value */
  tmpreg |= (uint32_t)HSICalibrationValue << 3;
   8:	ea42 02c0 	orr.w	r2, r2, r0, lsl #3
C:\Downloaded Files\Virtual-Com-2\Virtual-Com-2\Project\Virtual_COM_Port\RIDE\Libraries\STM32F10x_StdPeriph_Driver\src/stm32f10x_rcc.c:354
  /* Store the new value */
  RCC->CR = tmpreg;
   c:	601a      	str	r2, [r3, #0]
C:\Downloaded Files\Virtual-Com-2\Virtual-Com-2\Project\Virtual_COM_Port\RIDE\Libraries\STM32F10x_StdPeriph_Driver\src/stm32f10x_rcc.c:355
}
   e:	4770      	bx	lr
  10:	40021000 	.word	0x40021000

Disassembly of section .text.RCC_HSICmd:

00000000 <RCC_HSICmd>:
RCC_HSICmd():
C:\Downloaded Files\Virtual-Com-2\Virtual-Com-2\Project\Virtual_COM_Port\RIDE\Libraries\STM32F10x_StdPeriph_Driver\src/stm32f10x_rcc.c:367
  */
void RCC_HSICmd(FunctionalState NewState)
{
  /* Check the parameters */
  assert_param(IS_FUNCTIONAL_STATE(NewState));
  *(__IO uint32_t *) CR_HSION_BB = (uint32_t)NewState;
   0:	60184b01 	.word	0x60184b01
C:\Downloaded Files\Virtual-Com-2\Virtual-Com-2\Project\Virtual_COM_Port\RIDE\Libraries\STM32F10x_StdPeriph_Driver\src/stm32f10x_rcc.c:368
}
   4:	4770      	bx	lr
   6:	bf00      	nop
   8:	42420000 	.word	0x42420000

Disassembly of section .text.RCC_PLLConfig:

00000000 <RCC_PLLConfig>:
RCC_PLLConfig():
C:\Downloaded Files\Virtual-Com-2\Virtual-Com-2\Project\Virtual_COM_Port\RIDE\Libraries\STM32F10x_StdPeriph_Driver\src/stm32f10x_rcc.c:395

  /* Check the parameters */
  assert_param(IS_RCC_PLL_SOURCE(RCC_PLLSource));
  assert_param(IS_RCC_PLL_MUL(RCC_PLLMul));

  tmpreg = RCC->CFGR;
   0:	4b04      	ldr	r3, [pc, #16]	; (14 <RCC_PLLConfig+0x14>)
   2:	685a      	ldr	r2, [r3, #4]
C:\Downloaded Files\Virtual-Com-2\Virtual-Com-2\Project\Virtual_COM_Port\RIDE\Libraries\STM32F10x_StdPeriph_Driver\src/stm32f10x_rcc.c:397
  /* Clear PLLSRC, PLLXTPRE and PLLMUL[3:0] bits */
  tmpreg &= CFGR_PLL_Mask;
   4:	f422 127c 	bic.w	r2, r2, #4128768	; 0x3f0000
C:\Downloaded Files\Virtual-Com-2\Virtual-Com-2\Project\Virtual_COM_Port\RIDE\Libraries\STM32F10x_StdPeriph_Driver\src/stm32f10x_rcc.c:399
  /* Set the PLL configuration bits */
  tmpreg |= RCC_PLLSource | RCC_PLLMul;
   8:	ea40 0202 	orr.w	r2, r0, r2
   c:	430a      	orrs	r2, r1
C:\Downloaded Files\Virtual-Com-2\Virtual-Com-2\Project\Virtual_COM_Port\RIDE\Libraries\STM32F10x_StdPeriph_Driver\src/stm32f10x_rcc.c:401
  /* Store the new value */
  RCC->CFGR = tmpreg;
   e:	605a      	str	r2, [r3, #4]
C:\Downloaded Files\Virtual-Com-2\Virtual-Com-2\Project\Virtual_COM_Port\RIDE\Libraries\STM32F10x_StdPeriph_Driver\src/stm32f10x_rcc.c:402
}
  10:	4770      	bx	lr
  12:	bf00      	nop
  14:	40021000 	.word	0x40021000

Disassembly of section .text.RCC_PLLCmd:

00000000 <RCC_PLLCmd>:
RCC_PLLCmd():
C:\Downloaded Files\Virtual-Com-2\Virtual-Com-2\Project\Virtual_COM_Port\RIDE\Libraries\STM32F10x_StdPeriph_Driver\src/stm32f10x_rcc.c:415
void RCC_PLLCmd(FunctionalState NewState)
{
  /* Check the parameters */
  assert_param(IS_FUNCTIONAL_STATE(NewState));

  *(__IO uint32_t *) CR_PLLON_BB = (uint32_t)NewState;
   0:	60184b01 	.word	0x60184b01
C:\Downloaded Files\Virtual-Com-2\Virtual-Com-2\Project\Virtual_COM_Port\RIDE\Libraries\STM32F10x_StdPeriph_Driver\src/stm32f10x_rcc.c:416
}
   4:	4770      	bx	lr
   6:	bf00      	nop
   8:	42420060 	.word	0x42420060

Disassembly of section .text.RCC_SYSCLKConfig:

00000000 <RCC_SYSCLKConfig>:
RCC_SYSCLKConfig():
C:\Downloaded Files\Virtual-Com-2\Virtual-Com-2\Project\Virtual_COM_Port\RIDE\Libraries\STM32F10x_StdPeriph_Driver\src/stm32f10x_rcc.c:578
void RCC_SYSCLKConfig(uint32_t RCC_SYSCLKSource)
{
  uint32_t tmpreg = 0;
  /* Check the parameters */
  assert_param(IS_RCC_SYSCLK_SOURCE(RCC_SYSCLKSource));
  tmpreg = RCC->CFGR;
   0:	4b03      	ldr	r3, [pc, #12]	; (10 <RCC_SYSCLKConfig+0x10>)
   2:	685a      	ldr	r2, [r3, #4]
C:\Downloaded Files\Virtual-Com-2\Virtual-Com-2\Project\Virtual_COM_Port\RIDE\Libraries\STM32F10x_StdPeriph_Driver\src/stm32f10x_rcc.c:580
  /* Clear SW[1:0] bits */
  tmpreg &= CFGR_SW_Mask;
   4:	f022 0203 	bic.w	r2, r2, #3
C:\Downloaded Files\Virtual-Com-2\Virtual-Com-2\Project\Virtual_COM_Port\RIDE\Libraries\STM32F10x_StdPeriph_Driver\src/stm32f10x_rcc.c:582
  /* Set SW[1:0] bits according to RCC_SYSCLKSource value */
  tmpreg |= RCC_SYSCLKSource;
   8:	ea40 0202 	orr.w	r2, r0, r2
C:\Downloaded Files\Virtual-Com-2\Virtual-Com-2\Project\Virtual_COM_Port\RIDE\Libraries\STM32F10x_StdPeriph_Driver\src/stm32f10x_rcc.c:584
  /* Store the new value */
  RCC->CFGR = tmpreg;
   c:	605a      	str	r2, [r3, #4]
C:\Downloaded Files\Virtual-Com-2\Virtual-Com-2\Project\Virtual_COM_Port\RIDE\Libraries\STM32F10x_StdPeriph_Driver\src/stm32f10x_rcc.c:585
}
   e:	4770      	bx	lr
  10:	40021000 	.word	0x40021000

Disassembly of section .text.RCC_GetSYSCLKSource:

00000000 <RCC_GetSYSCLKSource>:
RCC_GetSYSCLKSource():
C:\Downloaded Files\Virtual-Com-2\Virtual-Com-2\Project\Virtual_COM_Port\RIDE\Libraries\STM32F10x_StdPeriph_Driver\src/stm32f10x_rcc.c:598
  *     - 0x04: HSE used as system clock
  *     - 0x08: PLL used as system clock
  */
uint8_t RCC_GetSYSCLKSource(void)
{
  return ((uint8_t)(RCC->CFGR & CFGR_SWS_Mask));
   0:	68584b02 	.word	0x68584b02
C:\Downloaded Files\Virtual-Com-2\Virtual-Com-2\Project\Virtual_COM_Port\RIDE\Libraries\STM32F10x_StdPeriph_Driver\src/stm32f10x_rcc.c:599
}
   4:	f000 000c 	and.w	r0, r0, #12
   8:	4770      	bx	lr
   a:	bf00      	nop
   c:	40021000 	.word	0x40021000

Disassembly of section .text.RCC_HCLKConfig:

00000000 <RCC_HCLKConfig>:
RCC_HCLKConfig():
C:\Downloaded Files\Virtual-Com-2\Virtual-Com-2\Project\Virtual_COM_Port\RIDE\Libraries\STM32F10x_StdPeriph_Driver\src/stm32f10x_rcc.c:622
void RCC_HCLKConfig(uint32_t RCC_SYSCLK)
{
  uint32_t tmpreg = 0;
  /* Check the parameters */
  assert_param(IS_RCC_HCLK(RCC_SYSCLK));
  tmpreg = RCC->CFGR;
   0:	4b03      	ldr	r3, [pc, #12]	; (10 <RCC_HCLKConfig+0x10>)
   2:	685a      	ldr	r2, [r3, #4]
C:\Downloaded Files\Virtual-Com-2\Virtual-Com-2\Project\Virtual_COM_Port\RIDE\Libraries\STM32F10x_StdPeriph_Driver\src/stm32f10x_rcc.c:624
  /* Clear HPRE[3:0] bits */
  tmpreg &= CFGR_HPRE_Reset_Mask;
   4:	f022 02f0 	bic.w	r2, r2, #240	; 0xf0
C:\Downloaded Files\Virtual-Com-2\Virtual-Com-2\Project\Virtual_COM_Port\RIDE\Libraries\STM32F10x_StdPeriph_Driver\src/stm32f10x_rcc.c:626
  /* Set HPRE[3:0] bits according to RCC_SYSCLK value */
  tmpreg |= RCC_SYSCLK;
   8:	ea40 0202 	orr.w	r2, r0, r2
C:\Downloaded Files\Virtual-Com-2\Virtual-Com-2\Project\Virtual_COM_Port\RIDE\Libraries\STM32F10x_StdPeriph_Driver\src/stm32f10x_rcc.c:628
  /* Store the new value */
  RCC->CFGR = tmpreg;
   c:	605a      	str	r2, [r3, #4]
C:\Downloaded Files\Virtual-Com-2\Virtual-Com-2\Project\Virtual_COM_Port\RIDE\Libraries\STM32F10x_StdPeriph_Driver\src/stm32f10x_rcc.c:629
}
   e:	4770      	bx	lr
  10:	40021000 	.word	0x40021000

Disassembly of section .text.RCC_PCLK1Config:

00000000 <RCC_PCLK1Config>:
RCC_PCLK1Config():
C:\Downloaded Files\Virtual-Com-2\Virtual-Com-2\Project\Virtual_COM_Port\RIDE\Libraries\STM32F10x_StdPeriph_Driver\src/stm32f10x_rcc.c:648
void RCC_PCLK1Config(uint32_t RCC_HCLK)
{
  uint32_t tmpreg = 0;
  /* Check the parameters */
  assert_param(IS_RCC_PCLK(RCC_HCLK));
  tmpreg = RCC->CFGR;
   0:	4b03      	ldr	r3, [pc, #12]	; (10 <RCC_PCLK1Config+0x10>)
   2:	685a      	ldr	r2, [r3, #4]
C:\Downloaded Files\Virtual-Com-2\Virtual-Com-2\Project\Virtual_COM_Port\RIDE\Libraries\STM32F10x_StdPeriph_Driver\src/stm32f10x_rcc.c:650
  /* Clear PPRE1[2:0] bits */
  tmpreg &= CFGR_PPRE1_Reset_Mask;
   4:	f422 62e0 	bic.w	r2, r2, #1792	; 0x700
C:\Downloaded Files\Virtual-Com-2\Virtual-Com-2\Project\Virtual_COM_Port\RIDE\Libraries\STM32F10x_StdPeriph_Driver\src/stm32f10x_rcc.c:652
  /* Set PPRE1[2:0] bits according to RCC_HCLK value */
  tmpreg |= RCC_HCLK;
   8:	ea40 0202 	orr.w	r2, r0, r2
C:\Downloaded Files\Virtual-Com-2\Virtual-Com-2\Project\Virtual_COM_Port\RIDE\Libraries\STM32F10x_StdPeriph_Driver\src/stm32f10x_rcc.c:654
  /* Store the new value */
  RCC->CFGR = tmpreg;
   c:	605a      	str	r2, [r3, #4]
C:\Downloaded Files\Virtual-Com-2\Virtual-Com-2\Project\Virtual_COM_Port\RIDE\Libraries\STM32F10x_StdPeriph_Driver\src/stm32f10x_rcc.c:655
}
   e:	4770      	bx	lr
  10:	40021000 	.word	0x40021000

Disassembly of section .text.RCC_PCLK2Config:

00000000 <RCC_PCLK2Config>:
RCC_PCLK2Config():
C:\Downloaded Files\Virtual-Com-2\Virtual-Com-2\Project\Virtual_COM_Port\RIDE\Libraries\STM32F10x_StdPeriph_Driver\src/stm32f10x_rcc.c:674
void RCC_PCLK2Config(uint32_t RCC_HCLK)
{
  uint32_t tmpreg = 0;
  /* Check the parameters */
  assert_param(IS_RCC_PCLK(RCC_HCLK));
  tmpreg = RCC->CFGR;
   0:	4b03      	ldr	r3, [pc, #12]	; (10 <RCC_PCLK2Config+0x10>)
   2:	685a      	ldr	r2, [r3, #4]
C:\Downloaded Files\Virtual-Com-2\Virtual-Com-2\Project\Virtual_COM_Port\RIDE\Libraries\STM32F10x_StdPeriph_Driver\src/stm32f10x_rcc.c:676
  /* Clear PPRE2[2:0] bits */
  tmpreg &= CFGR_PPRE2_Reset_Mask;
   4:	f422 5260 	bic.w	r2, r2, #14336	; 0x3800
C:\Downloaded Files\Virtual-Com-2\Virtual-Com-2\Project\Virtual_COM_Port\RIDE\Libraries\STM32F10x_StdPeriph_Driver\src/stm32f10x_rcc.c:678
  /* Set PPRE2[2:0] bits according to RCC_HCLK value */
  tmpreg |= RCC_HCLK << 3;
   8:	ea42 02c0 	orr.w	r2, r2, r0, lsl #3
C:\Downloaded Files\Virtual-Com-2\Virtual-Com-2\Project\Virtual_COM_Port\RIDE\Libraries\STM32F10x_StdPeriph_Driver\src/stm32f10x_rcc.c:680
  /* Store the new value */
  RCC->CFGR = tmpreg;
   c:	605a      	str	r2, [r3, #4]
C:\Downloaded Files\Virtual-Com-2\Virtual-Com-2\Project\Virtual_COM_Port\RIDE\Libraries\STM32F10x_StdPeriph_Driver\src/stm32f10x_rcc.c:681
}
   e:	4770      	bx	lr
  10:	40021000 	.word	0x40021000

Disassembly of section .text.RCC_ITConfig:

00000000 <RCC_ITConfig>:
RCC_ITConfig():
C:\Downloaded Files\Virtual-Com-2\Virtual-Com-2\Project\Virtual_COM_Port\RIDE\Libraries\STM32F10x_StdPeriph_Driver\src/stm32f10x_rcc.c:710
  * @param  NewState: new state of the specified RCC interrupts.
  *   This parameter can be: ENABLE or DISABLE.
  * @retval None
  */
void RCC_ITConfig(uint8_t RCC_IT, FunctionalState NewState)
{
   0:	4b04      	ldr	r3, [pc, #16]	; (14 <RCC_ITConfig+0x14>)
C:\Downloaded Files\Virtual-Com-2\Virtual-Com-2\Project\Virtual_COM_Port\RIDE\Libraries\STM32F10x_StdPeriph_Driver\src/stm32f10x_rcc.c:714
  /* Check the parameters */
  assert_param(IS_RCC_IT(RCC_IT));
  assert_param(IS_FUNCTIONAL_STATE(NewState));
  if (NewState != DISABLE)
   2:	b111      	cbz	r1, a <RCC_ITConfig+0xa>
C:\Downloaded Files\Virtual-Com-2\Virtual-Com-2\Project\Virtual_COM_Port\RIDE\Libraries\STM32F10x_StdPeriph_Driver\src/stm32f10x_rcc.c:717
  {
    /* Perform Byte access to RCC_CIR bits to enable the selected interrupts */
    *(__IO uint8_t *) CIR_BYTE2_ADDRESS |= RCC_IT;
   4:	781a      	ldrb	r2, [r3, #0]
   6:	4310      	orrs	r0, r2
   8:	e002      	b.n	10 <RCC_ITConfig+0x10>
C:\Downloaded Files\Virtual-Com-2\Virtual-Com-2\Project\Virtual_COM_Port\RIDE\Libraries\STM32F10x_StdPeriph_Driver\src/stm32f10x_rcc.c:722
  }
  else
  {
    /* Perform Byte access to RCC_CIR bits to disable the selected interrupts */
    *(__IO uint8_t *) CIR_BYTE2_ADDRESS &= (uint8_t)~RCC_IT;
   a:	781a      	ldrb	r2, [r3, #0]
   c:	ea22 0000 	bic.w	r0, r2, r0
  10:	7018      	strb	r0, [r3, #0]
  12:	4770      	bx	lr
  14:	40021009 	.word	0x40021009

Disassembly of section .text.RCC_USBCLKConfig:

00000000 <RCC_USBCLKConfig>:
RCC_USBCLKConfig():
C:\Downloaded Files\Virtual-Com-2\Virtual-Com-2\Project\Virtual_COM_Port\RIDE\Libraries\STM32F10x_StdPeriph_Driver\src/stm32f10x_rcc.c:742
void RCC_USBCLKConfig(uint32_t RCC_USBCLKSource)
{
  /* Check the parameters */
  assert_param(IS_RCC_USBCLK_SOURCE(RCC_USBCLKSource));

  *(__IO uint32_t *) CFGR_USBPRE_BB = RCC_USBCLKSource;
   0:	60184b01 	.word	0x60184b01
C:\Downloaded Files\Virtual-Com-2\Virtual-Com-2\Project\Virtual_COM_Port\RIDE\Libraries\STM32F10x_StdPeriph_Driver\src/stm32f10x_rcc.c:743
}
   4:	4770      	bx	lr
   6:	bf00      	nop
   8:	424200d8 	.word	0x424200d8

Disassembly of section .text.RCC_ADCCLKConfig:

00000000 <RCC_ADCCLKConfig>:
RCC_ADCCLKConfig():
C:\Downloaded Files\Virtual-Com-2\Virtual-Com-2\Project\Virtual_COM_Port\RIDE\Libraries\STM32F10x_StdPeriph_Driver\src/stm32f10x_rcc.c:780
void RCC_ADCCLKConfig(uint32_t RCC_PCLK2)
{
  uint32_t tmpreg = 0;
  /* Check the parameters */
  assert_param(IS_RCC_ADCCLK(RCC_PCLK2));
  tmpreg = RCC->CFGR;
   0:	4b03      	ldr	r3, [pc, #12]	; (10 <RCC_ADCCLKConfig+0x10>)
   2:	685a      	ldr	r2, [r3, #4]
C:\Downloaded Files\Virtual-Com-2\Virtual-Com-2\Project\Virtual_COM_Port\RIDE\Libraries\STM32F10x_StdPeriph_Driver\src/stm32f10x_rcc.c:782
  /* Clear ADCPRE[1:0] bits */
  tmpreg &= CFGR_ADCPRE_Reset_Mask;
   4:	f422 4240 	bic.w	r2, r2, #49152	; 0xc000
C:\Downloaded Files\Virtual-Com-2\Virtual-Com-2\Project\Virtual_COM_Port\RIDE\Libraries\STM32F10x_StdPeriph_Driver\src/stm32f10x_rcc.c:784
  /* Set ADCPRE[1:0] bits according to RCC_PCLK2 value */
  tmpreg |= RCC_PCLK2;
   8:	ea40 0202 	orr.w	r2, r0, r2
C:\Downloaded Files\Virtual-Com-2\Virtual-Com-2\Project\Virtual_COM_Port\RIDE\Libraries\STM32F10x_StdPeriph_Driver\src/stm32f10x_rcc.c:786
  /* Store the new value */
  RCC->CFGR = tmpreg;
   c:	605a      	str	r2, [r3, #4]
C:\Downloaded Files\Virtual-Com-2\Virtual-Com-2\Project\Virtual_COM_Port\RIDE\Libraries\STM32F10x_StdPeriph_Driver\src/stm32f10x_rcc.c:787
}
   e:	4770      	bx	lr
  10:	40021000 	.word	0x40021000

Disassembly of section .text.RCC_LSEConfig:

00000000 <RCC_LSEConfig>:
RCC_LSEConfig():
C:\Downloaded Files\Virtual-Com-2\Virtual-Com-2\Project\Virtual_COM_Port\RIDE\Libraries\STM32F10x_StdPeriph_Driver\src/stm32f10x_rcc.c:844
{
  /* Check the parameters */
  assert_param(IS_RCC_LSE(RCC_LSE));
  /* Reset LSEON and LSEBYP bits before configuring the LSE ------------------*/
  /* Reset LSEON bit */
  *(__IO uint8_t *) BDCR_ADDRESS = RCC_LSE_OFF;
   0:	4b06      	ldr	r3, [pc, #24]	; (1c <RCC_LSEConfig+0x1c>)
   2:	2200      	movs	r2, #0
C:\Downloaded Files\Virtual-Com-2\Virtual-Com-2\Project\Virtual_COM_Port\RIDE\Libraries\STM32F10x_StdPeriph_Driver\src/stm32f10x_rcc.c:848
  /* Reset LSEBYP bit */
  *(__IO uint8_t *) BDCR_ADDRESS = RCC_LSE_OFF;
  /* Configure LSE (RCC_LSE_OFF is already covered by the code section above) */
  switch(RCC_LSE)
   4:	2801      	cmp	r0, #1
C:\Downloaded Files\Virtual-Com-2\Virtual-Com-2\Project\Virtual_COM_Port\RIDE\Libraries\STM32F10x_StdPeriph_Driver\src/stm32f10x_rcc.c:844
{
  /* Check the parameters */
  assert_param(IS_RCC_LSE(RCC_LSE));
  /* Reset LSEON and LSEBYP bits before configuring the LSE ------------------*/
  /* Reset LSEON bit */
  *(__IO uint8_t *) BDCR_ADDRESS = RCC_LSE_OFF;
   6:	701a      	strb	r2, [r3, #0]
C:\Downloaded Files\Virtual-Com-2\Virtual-Com-2\Project\Virtual_COM_Port\RIDE\Libraries\STM32F10x_StdPeriph_Driver\src/stm32f10x_rcc.c:846
  /* Reset LSEBYP bit */
  *(__IO uint8_t *) BDCR_ADDRESS = RCC_LSE_OFF;
   8:	701a      	strb	r2, [r3, #0]
C:\Downloaded Files\Virtual-Com-2\Virtual-Com-2\Project\Virtual_COM_Port\RIDE\Libraries\STM32F10x_StdPeriph_Driver\src/stm32f10x_rcc.c:848
  /* Configure LSE (RCC_LSE_OFF is already covered by the code section above) */
  switch(RCC_LSE)
   a:	d002      	beq.n	12 <RCC_LSEConfig+0x12>
   c:	2804      	cmp	r0, #4
   e:	d104      	bne.n	1a <RCC_LSEConfig+0x1a>
  10:	e001      	b.n	16 <RCC_LSEConfig+0x16>
C:\Downloaded Files\Virtual-Com-2\Virtual-Com-2\Project\Virtual_COM_Port\RIDE\Libraries\STM32F10x_StdPeriph_Driver\src/stm32f10x_rcc.c:852
  {
    case RCC_LSE_ON:
      /* Set LSEON bit */
      *(__IO uint8_t *) BDCR_ADDRESS = RCC_LSE_ON;
  12:	7018      	strb	r0, [r3, #0]
C:\Downloaded Files\Virtual-Com-2\Virtual-Com-2\Project\Virtual_COM_Port\RIDE\Libraries\STM32F10x_StdPeriph_Driver\src/stm32f10x_rcc.c:853
      break;
  14:	4770      	bx	lr
C:\Downloaded Files\Virtual-Com-2\Virtual-Com-2\Project\Virtual_COM_Port\RIDE\Libraries\STM32F10x_StdPeriph_Driver\src/stm32f10x_rcc.c:857
      
    case RCC_LSE_Bypass:
      /* Set LSEBYP and LSEON bits */
      *(__IO uint8_t *) BDCR_ADDRESS = RCC_LSE_Bypass | RCC_LSE_ON;
  16:	2205      	movs	r2, #5
  18:	701a      	strb	r2, [r3, #0]
  1a:	4770      	bx	lr
  1c:	40021020 	.word	0x40021020

Disassembly of section .text.RCC_LSICmd:

00000000 <RCC_LSICmd>:
RCC_LSICmd():
C:\Downloaded Files\Virtual-Com-2\Virtual-Com-2\Project\Virtual_COM_Port\RIDE\Libraries\STM32F10x_StdPeriph_Driver\src/stm32f10x_rcc.c:875
  */
void RCC_LSICmd(FunctionalState NewState)
{
  /* Check the parameters */
  assert_param(IS_FUNCTIONAL_STATE(NewState));
  *(__IO uint32_t *) CSR_LSION_BB = (uint32_t)NewState;
   0:	60184b01 	.word	0x60184b01
C:\Downloaded Files\Virtual-Com-2\Virtual-Com-2\Project\Virtual_COM_Port\RIDE\Libraries\STM32F10x_StdPeriph_Driver\src/stm32f10x_rcc.c:876
}
   4:	4770      	bx	lr
   6:	bf00      	nop
   8:	42420480 	.word	0x42420480

Disassembly of section .text.RCC_RTCCLKConfig:

00000000 <RCC_RTCCLKConfig>:
RCC_RTCCLKConfig():
C:\Downloaded Files\Virtual-Com-2\Virtual-Com-2\Project\Virtual_COM_Port\RIDE\Libraries\STM32F10x_StdPeriph_Driver\src/stm32f10x_rcc.c:893
void RCC_RTCCLKConfig(uint32_t RCC_RTCCLKSource)
{
  /* Check the parameters */
  assert_param(IS_RCC_RTCCLK_SOURCE(RCC_RTCCLKSource));
  /* Select the RTC clock source */
  RCC->BDCR |= RCC_RTCCLKSource;
   0:	4b02      	ldr	r3, [pc, #8]	; (c <RCC_RTCCLKConfig+0xc>)
   2:	6a1a      	ldr	r2, [r3, #32]
   4:	ea40 0202 	orr.w	r2, r0, r2
   8:	621a      	str	r2, [r3, #32]
C:\Downloaded Files\Virtual-Com-2\Virtual-Com-2\Project\Virtual_COM_Port\RIDE\Libraries\STM32F10x_StdPeriph_Driver\src/stm32f10x_rcc.c:894
}
   a:	4770      	bx	lr
   c:	40021000 	.word	0x40021000

Disassembly of section .text.RCC_RTCCLKCmd:

00000000 <RCC_RTCCLKCmd>:
RCC_RTCCLKCmd():
C:\Downloaded Files\Virtual-Com-2\Virtual-Com-2\Project\Virtual_COM_Port\RIDE\Libraries\STM32F10x_StdPeriph_Driver\src/stm32f10x_rcc.c:906
  */
void RCC_RTCCLKCmd(FunctionalState NewState)
{
  /* Check the parameters */
  assert_param(IS_FUNCTIONAL_STATE(NewState));
  *(__IO uint32_t *) BDCR_RTCEN_BB = (uint32_t)NewState;
   0:	60184b01 	.word	0x60184b01
C:\Downloaded Files\Virtual-Com-2\Virtual-Com-2\Project\Virtual_COM_Port\RIDE\Libraries\STM32F10x_StdPeriph_Driver\src/stm32f10x_rcc.c:907
}
   4:	4770      	bx	lr
   6:	bf00      	nop
   8:	4242043c 	.word	0x4242043c

Disassembly of section .text.RCC_GetClocksFreq:

00000000 <RCC_GetClocksFreq>:
RCC_GetClocksFreq():
C:\Downloaded Files\Virtual-Com-2\Virtual-Com-2\Project\Virtual_COM_Port\RIDE\Libraries\STM32F10x_StdPeriph_Driver\src/stm32f10x_rcc.c:916
  * @param  RCC_Clocks: pointer to a RCC_ClocksTypeDef structure which will hold
  *   the clocks frequencies.
  * @retval None
  */
void RCC_GetClocksFreq(RCC_ClocksTypeDef* RCC_Clocks)
{
   0:	b510      	push	{r4, lr}
C:\Downloaded Files\Virtual-Com-2\Virtual-Com-2\Project\Virtual_COM_Port\RIDE\Libraries\STM32F10x_StdPeriph_Driver\src/stm32f10x_rcc.c:928
#if defined (STM32F10X_LD_VL) || defined (STM32F10X_MD_VL)
  uint32_t prediv1factor = 0;
#endif
    
  /* Get SYSCLK source -------------------------------------------------------*/
  tmp = RCC->CFGR & CFGR_SWS_Mask;
   2:	4b22      	ldr	r3, [pc, #136]	; (8c <RCC_GetClocksFreq+0x8c>)
   4:	685a      	ldr	r2, [r3, #4]
   6:	f002 020c 	and.w	r2, r2, #12
C:\Downloaded Files\Virtual-Com-2\Virtual-Com-2\Project\Virtual_COM_Port\RIDE\Libraries\STM32F10x_StdPeriph_Driver\src/stm32f10x_rcc.c:930
  
  switch (tmp)
   a:	2a04      	cmp	r2, #4
   c:	d003      	beq.n	16 <RCC_GetClocksFreq+0x16>
   e:	2a08      	cmp	r2, #8
  10:	d004      	beq.n	1c <RCC_GetClocksFreq+0x1c>
  12:	4b1f      	ldr	r3, [pc, #124]	; (90 <RCC_GetClocksFreq+0x90>)
  14:	e000      	b.n	18 <RCC_GetClocksFreq+0x18>
C:\Downloaded Files\Virtual-Com-2\Virtual-Com-2\Project\Virtual_COM_Port\RIDE\Libraries\STM32F10x_StdPeriph_Driver\src/stm32f10x_rcc.c:936
  {
    case 0x00:  /* HSI used as system clock */
      RCC_Clocks->SYSCLK_Frequency = HSI_Value;
      break;
    case 0x04:  /* HSE used as system clock */
      RCC_Clocks->SYSCLK_Frequency = HSE_Value;
  16:	4b1f      	ldr	r3, [pc, #124]	; (94 <RCC_GetClocksFreq+0x94>)
  18:	6003      	str	r3, [r0, #0]
C:\Downloaded Files\Virtual-Com-2\Virtual-Com-2\Project\Virtual_COM_Port\RIDE\Libraries\STM32F10x_StdPeriph_Driver\src/stm32f10x_rcc.c:937
      break;
  1a:	e012      	b.n	42 <RCC_GetClocksFreq+0x42>
C:\Downloaded Files\Virtual-Com-2\Virtual-Com-2\Project\Virtual_COM_Port\RIDE\Libraries\STM32F10x_StdPeriph_Driver\src/stm32f10x_rcc.c:941
    case 0x08:  /* PLL used as system clock */

      /* Get PLL clock source and multiplication factor ----------------------*/
      pllmull = RCC->CFGR & CFGR_PLLMull_Mask;
  1c:	685a      	ldr	r2, [r3, #4]
C:\Downloaded Files\Virtual-Com-2\Virtual-Com-2\Project\Virtual_COM_Port\RIDE\Libraries\STM32F10x_StdPeriph_Driver\src/stm32f10x_rcc.c:942
      pllsource = RCC->CFGR & CFGR_PLLSRC_Mask;
  1e:	6859      	ldr	r1, [r3, #4]
C:\Downloaded Files\Virtual-Com-2\Virtual-Com-2\Project\Virtual_COM_Port\RIDE\Libraries\STM32F10x_StdPeriph_Driver\src/stm32f10x_rcc.c:941
      RCC_Clocks->SYSCLK_Frequency = HSE_Value;
      break;
    case 0x08:  /* PLL used as system clock */

      /* Get PLL clock source and multiplication factor ----------------------*/
      pllmull = RCC->CFGR & CFGR_PLLMull_Mask;
  20:	f402 1270 	and.w	r2, r2, #3932160	; 0x3c0000
C:\Downloaded Files\Virtual-Com-2\Virtual-Com-2\Project\Virtual_COM_Port\RIDE\Libraries\STM32F10x_StdPeriph_Driver\src/stm32f10x_rcc.c:945
      pllsource = RCC->CFGR & CFGR_PLLSRC_Mask;
      
#ifndef STM32F10X_CL      
      pllmull = ( pllmull >> 18) + 2;
  24:	0c92      	lsrs	r2, r2, #18
  26:	3202      	adds	r2, #2
C:\Downloaded Files\Virtual-Com-2\Virtual-Com-2\Project\Virtual_COM_Port\RIDE\Libraries\STM32F10x_StdPeriph_Driver\src/stm32f10x_rcc.c:947
      
      if (pllsource == 0x00)
  28:	f411 3f80 	tst.w	r1, #65536	; 0x10000
  2c:	d101      	bne.n	32 <RCC_GetClocksFreq+0x32>
C:\Downloaded Files\Virtual-Com-2\Virtual-Com-2\Project\Virtual_COM_Port\RIDE\Libraries\STM32F10x_StdPeriph_Driver\src/stm32f10x_rcc.c:949
      {/* HSI oscillator clock divided by 2 selected as PLL clock entry */
        RCC_Clocks->SYSCLK_Frequency = (HSI_Value >> 1) * pllmull;
  2e:	4b1a      	ldr	r3, [pc, #104]	; (98 <RCC_GetClocksFreq+0x98>)
  30:	e005      	b.n	3e <RCC_GetClocksFreq+0x3e>
C:\Downloaded Files\Virtual-Com-2\Virtual-Com-2\Project\Virtual_COM_Port\RIDE\Libraries\STM32F10x_StdPeriph_Driver\src/stm32f10x_rcc.c:959
       prediv1factor = (RCC->CFGR2 & CFGR2_PREDIV1) + 1;
       /* HSE oscillator clock selected as PREDIV1 clock entry */
       RCC_Clocks->SYSCLK_Frequency = (HSE_Value / prediv1factor) * pllmull; 
 #else
        /* HSE selected as PLL clock entry */
        if ((RCC->CFGR & CFGR_PLLXTPRE_Mask) != (uint32_t)RESET)
  32:	685b      	ldr	r3, [r3, #4]
  34:	f413 3f00 	tst.w	r3, #131072	; 0x20000
C:\Downloaded Files\Virtual-Com-2\Virtual-Com-2\Project\Virtual_COM_Port\RIDE\Libraries\STM32F10x_StdPeriph_Driver\src/stm32f10x_rcc.c:961
        {/* HSE oscillator clock divided by 2 */
          RCC_Clocks->SYSCLK_Frequency = (HSE_Value >> 1) * pllmull;
  38:	bf14      	ite	ne
  3a:	4b18      	ldrne	r3, [pc, #96]	; (9c <RCC_GetClocksFreq+0x9c>)
C:\Downloaded Files\Virtual-Com-2\Virtual-Com-2\Project\Virtual_COM_Port\RIDE\Libraries\STM32F10x_StdPeriph_Driver\src/stm32f10x_rcc.c:965
        }
        else
        {
          RCC_Clocks->SYSCLK_Frequency = HSE_Value * pllmull;
  3c:	4b15      	ldreq	r3, [pc, #84]	; (94 <RCC_GetClocksFreq+0x94>)
  3e:	435a      	muls	r2, r3
  40:	6002      	str	r2, [r0, #0]
C:\Downloaded Files\Virtual-Com-2\Virtual-Com-2\Project\Virtual_COM_Port\RIDE\Libraries\STM32F10x_StdPeriph_Driver\src/stm32f10x_rcc.c:1015
      break;
  }

  /* Compute HCLK, PCLK1, PCLK2 and ADCCLK clocks frequencies ----------------*/
  /* Get HCLK prescaler */
  tmp = RCC->CFGR & CFGR_HPRE_Set_Mask;
  42:	4a12      	ldr	r2, [pc, #72]	; (8c <RCC_GetClocksFreq+0x8c>)
C:\Downloaded Files\Virtual-Com-2\Virtual-Com-2\Project\Virtual_COM_Port\RIDE\Libraries\STM32F10x_StdPeriph_Driver\src/stm32f10x_rcc.c:1017
  tmp = tmp >> 4;
  presc = APBAHBPrescTable[tmp];
  44:	4b16      	ldr	r3, [pc, #88]	; (a0 <RCC_GetClocksFreq+0xa0>)
C:\Downloaded Files\Virtual-Com-2\Virtual-Com-2\Project\Virtual_COM_Port\RIDE\Libraries\STM32F10x_StdPeriph_Driver\src/stm32f10x_rcc.c:1015
      break;
  }

  /* Compute HCLK, PCLK1, PCLK2 and ADCCLK clocks frequencies ----------------*/
  /* Get HCLK prescaler */
  tmp = RCC->CFGR & CFGR_HPRE_Set_Mask;
  46:	6851      	ldr	r1, [r2, #4]
C:\Downloaded Files\Virtual-Com-2\Virtual-Com-2\Project\Virtual_COM_Port\RIDE\Libraries\STM32F10x_StdPeriph_Driver\src/stm32f10x_rcc.c:1019
  tmp = tmp >> 4;
  presc = APBAHBPrescTable[tmp];
  /* HCLK clock frequency */
  RCC_Clocks->HCLK_Frequency = RCC_Clocks->SYSCLK_Frequency >> presc;
  48:	6804      	ldr	r4, [r0, #0]
C:\Downloaded Files\Virtual-Com-2\Virtual-Com-2\Project\Virtual_COM_Port\RIDE\Libraries\STM32F10x_StdPeriph_Driver\src/stm32f10x_rcc.c:1015
      break;
  }

  /* Compute HCLK, PCLK1, PCLK2 and ADCCLK clocks frequencies ----------------*/
  /* Get HCLK prescaler */
  tmp = RCC->CFGR & CFGR_HPRE_Set_Mask;
  4a:	f001 01f0 	and.w	r1, r1, #240	; 0xf0
C:\Downloaded Files\Virtual-Com-2\Virtual-Com-2\Project\Virtual_COM_Port\RIDE\Libraries\STM32F10x_StdPeriph_Driver\src/stm32f10x_rcc.c:1016
  tmp = tmp >> 4;
  4e:	0909      	lsrs	r1, r1, #4
C:\Downloaded Files\Virtual-Com-2\Virtual-Com-2\Project\Virtual_COM_Port\RIDE\Libraries\STM32F10x_StdPeriph_Driver\src/stm32f10x_rcc.c:1017
  presc = APBAHBPrescTable[tmp];
  50:	5c59      	ldrb	r1, [r3, r1]
C:\Downloaded Files\Virtual-Com-2\Virtual-Com-2\Project\Virtual_COM_Port\RIDE\Libraries\STM32F10x_StdPeriph_Driver\src/stm32f10x_rcc.c:1019
  /* HCLK clock frequency */
  RCC_Clocks->HCLK_Frequency = RCC_Clocks->SYSCLK_Frequency >> presc;
  52:	fa34 f101 	lsrs.w	r1, r4, r1
  56:	6041      	str	r1, [r0, #4]
C:\Downloaded Files\Virtual-Com-2\Virtual-Com-2\Project\Virtual_COM_Port\RIDE\Libraries\STM32F10x_StdPeriph_Driver\src/stm32f10x_rcc.c:1021
  /* Get PCLK1 prescaler */
  tmp = RCC->CFGR & CFGR_PPRE1_Set_Mask;
  58:	6854      	ldr	r4, [r2, #4]
  5a:	f404 64e0 	and.w	r4, r4, #1792	; 0x700
C:\Downloaded Files\Virtual-Com-2\Virtual-Com-2\Project\Virtual_COM_Port\RIDE\Libraries\STM32F10x_StdPeriph_Driver\src/stm32f10x_rcc.c:1022
  tmp = tmp >> 8;
  5e:	0a24      	lsrs	r4, r4, #8
C:\Downloaded Files\Virtual-Com-2\Virtual-Com-2\Project\Virtual_COM_Port\RIDE\Libraries\STM32F10x_StdPeriph_Driver\src/stm32f10x_rcc.c:1023
  presc = APBAHBPrescTable[tmp];
  60:	5d1c      	ldrb	r4, [r3, r4]
C:\Downloaded Files\Virtual-Com-2\Virtual-Com-2\Project\Virtual_COM_Port\RIDE\Libraries\STM32F10x_StdPeriph_Driver\src/stm32f10x_rcc.c:1025
  /* PCLK1 clock frequency */
  RCC_Clocks->PCLK1_Frequency = RCC_Clocks->HCLK_Frequency >> presc;
  62:	fa31 f404 	lsrs.w	r4, r1, r4
  66:	6084      	str	r4, [r0, #8]
C:\Downloaded Files\Virtual-Com-2\Virtual-Com-2\Project\Virtual_COM_Port\RIDE\Libraries\STM32F10x_StdPeriph_Driver\src/stm32f10x_rcc.c:1027
  /* Get PCLK2 prescaler */
  tmp = RCC->CFGR & CFGR_PPRE2_Set_Mask;
  68:	6854      	ldr	r4, [r2, #4]
  6a:	f404 5460 	and.w	r4, r4, #14336	; 0x3800
C:\Downloaded Files\Virtual-Com-2\Virtual-Com-2\Project\Virtual_COM_Port\RIDE\Libraries\STM32F10x_StdPeriph_Driver\src/stm32f10x_rcc.c:1028
  tmp = tmp >> 11;
  6e:	0ae4      	lsrs	r4, r4, #11
C:\Downloaded Files\Virtual-Com-2\Virtual-Com-2\Project\Virtual_COM_Port\RIDE\Libraries\STM32F10x_StdPeriph_Driver\src/stm32f10x_rcc.c:1029
  presc = APBAHBPrescTable[tmp];
  70:	5d1c      	ldrb	r4, [r3, r4]
C:\Downloaded Files\Virtual-Com-2\Virtual-Com-2\Project\Virtual_COM_Port\RIDE\Libraries\STM32F10x_StdPeriph_Driver\src/stm32f10x_rcc.c:1031
  /* PCLK2 clock frequency */
  RCC_Clocks->PCLK2_Frequency = RCC_Clocks->HCLK_Frequency >> presc;
  72:	40e1      	lsrs	r1, r4
  74:	60c1      	str	r1, [r0, #12]
C:\Downloaded Files\Virtual-Com-2\Virtual-Com-2\Project\Virtual_COM_Port\RIDE\Libraries\STM32F10x_StdPeriph_Driver\src/stm32f10x_rcc.c:1033
  /* Get ADCCLK prescaler */
  tmp = RCC->CFGR & CFGR_ADCPRE_Set_Mask;
  76:	6852      	ldr	r2, [r2, #4]
  78:	f402 4240 	and.w	r2, r2, #49152	; 0xc000
C:\Downloaded Files\Virtual-Com-2\Virtual-Com-2\Project\Virtual_COM_Port\RIDE\Libraries\STM32F10x_StdPeriph_Driver\src/stm32f10x_rcc.c:1035
  tmp = tmp >> 14;
  presc = ADCPrescTable[tmp];
  7c:	eb03 3392 	add.w	r3, r3, r2, lsr #14
  80:	7c1b      	ldrb	r3, [r3, #16]
C:\Downloaded Files\Virtual-Com-2\Virtual-Com-2\Project\Virtual_COM_Port\RIDE\Libraries\STM32F10x_StdPeriph_Driver\src/stm32f10x_rcc.c:1037
  /* ADCCLK clock frequency */
  RCC_Clocks->ADCCLK_Frequency = RCC_Clocks->PCLK2_Frequency / presc;
  82:	fbb1 f1f3 	udiv	r1, r1, r3
  86:	6101      	str	r1, [r0, #16]
C:\Downloaded Files\Virtual-Com-2\Virtual-Com-2\Project\Virtual_COM_Port\RIDE\Libraries\STM32F10x_StdPeriph_Driver\src/stm32f10x_rcc.c:1038
}
  88:	bd10      	pop	{r4, pc}
  8a:	bf00      	nop
  8c:	40021000 	.word	0x40021000
  90:	007a1200 	.word	0x007a1200
  94:	00b71b00 	.word	0x00b71b00
  98:	003d0900 	.word	0x003d0900
  9c:	005b8d80 	.word	0x005b8d80
  a0:	00000000 	.word	0x00000000

Disassembly of section .text.RCC_AHBPeriphClockCmd:

00000000 <RCC_AHBPeriphClockCmd>:
RCC_AHBPeriphClockCmd():
C:\Downloaded Files\Virtual-Com-2\Virtual-Com-2\Project\Virtual_COM_Port\RIDE\Libraries\STM32F10x_StdPeriph_Driver\src/stm32f10x_rcc.c:1072
  * @param  NewState: new state of the specified peripheral clock.
  *   This parameter can be: ENABLE or DISABLE.
  * @retval None
  */
void RCC_AHBPeriphClockCmd(uint32_t RCC_AHBPeriph, FunctionalState NewState)
{
   0:	b1114b04 	.word	0xb1114b04
C:\Downloaded Files\Virtual-Com-2\Virtual-Com-2\Project\Virtual_COM_Port\RIDE\Libraries\STM32F10x_StdPeriph_Driver\src/stm32f10x_rcc.c:1079
  assert_param(IS_RCC_AHB_PERIPH(RCC_AHBPeriph));
  assert_param(IS_FUNCTIONAL_STATE(NewState));

  if (NewState != DISABLE)
  {
    RCC->AHBENR |= RCC_AHBPeriph;
   4:	695a      	ldr	r2, [r3, #20]
   6:	4310      	orrs	r0, r2
   8:	e002      	b.n	10 <RCC_AHBPeriphClockCmd+0x10>
C:\Downloaded Files\Virtual-Com-2\Virtual-Com-2\Project\Virtual_COM_Port\RIDE\Libraries\STM32F10x_StdPeriph_Driver\src/stm32f10x_rcc.c:1083
  }
  else
  {
    RCC->AHBENR &= ~RCC_AHBPeriph;
   a:	695a      	ldr	r2, [r3, #20]
   c:	ea22 0000 	bic.w	r0, r2, r0
  10:	6158      	str	r0, [r3, #20]
  12:	4770      	bx	lr
  14:	40021000 	.word	0x40021000

Disassembly of section .text.RCC_APB2PeriphClockCmd:

00000000 <RCC_APB2PeriphClockCmd>:
RCC_APB2PeriphClockCmd():
C:\Downloaded Files\Virtual-Com-2\Virtual-Com-2\Project\Virtual_COM_Port\RIDE\Libraries\STM32F10x_StdPeriph_Driver\src/stm32f10x_rcc.c:1103
  * @param  NewState: new state of the specified peripheral clock.
  *   This parameter can be: ENABLE or DISABLE.
  * @retval None
  */
void RCC_APB2PeriphClockCmd(uint32_t RCC_APB2Periph, FunctionalState NewState)
{
   0:	4b04      	ldr	r3, [pc, #16]	; (14 <RCC_APB2PeriphClockCmd+0x14>)
C:\Downloaded Files\Virtual-Com-2\Virtual-Com-2\Project\Virtual_COM_Port\RIDE\Libraries\STM32F10x_StdPeriph_Driver\src/stm32f10x_rcc.c:1107
  /* Check the parameters */
  assert_param(IS_RCC_APB2_PERIPH(RCC_APB2Periph));
  assert_param(IS_FUNCTIONAL_STATE(NewState));
  if (NewState != DISABLE)
   2:	b111      	cbz	r1, a <RCC_APB2PeriphClockCmd+0xa>
C:\Downloaded Files\Virtual-Com-2\Virtual-Com-2\Project\Virtual_COM_Port\RIDE\Libraries\STM32F10x_StdPeriph_Driver\src/stm32f10x_rcc.c:1109
  {
    RCC->APB2ENR |= RCC_APB2Periph;
   4:	699a      	ldr	r2, [r3, #24]
   6:	4310      	orrs	r0, r2
   8:	e002      	b.n	10 <RCC_APB2PeriphClockCmd+0x10>
C:\Downloaded Files\Virtual-Com-2\Virtual-Com-2\Project\Virtual_COM_Port\RIDE\Libraries\STM32F10x_StdPeriph_Driver\src/stm32f10x_rcc.c:1113
  }
  else
  {
    RCC->APB2ENR &= ~RCC_APB2Periph;
   a:	699a      	ldr	r2, [r3, #24]
   c:	ea22 0000 	bic.w	r0, r2, r0
  10:	6198      	str	r0, [r3, #24]
  12:	4770      	bx	lr
  14:	40021000 	.word	0x40021000

Disassembly of section .text.RCC_APB1PeriphClockCmd:

00000000 <RCC_APB1PeriphClockCmd>:
RCC_APB1PeriphClockCmd():
C:\Downloaded Files\Virtual-Com-2\Virtual-Com-2\Project\Virtual_COM_Port\RIDE\Libraries\STM32F10x_StdPeriph_Driver\src/stm32f10x_rcc.c:1134
  * @param  NewState: new state of the specified peripheral clock.
  *   This parameter can be: ENABLE or DISABLE.
  * @retval None
  */
void RCC_APB1PeriphClockCmd(uint32_t RCC_APB1Periph, FunctionalState NewState)
{
   0:	4b04      	ldr	r3, [pc, #16]	; (14 <RCC_APB1PeriphClockCmd+0x14>)
C:\Downloaded Files\Virtual-Com-2\Virtual-Com-2\Project\Virtual_COM_Port\RIDE\Libraries\STM32F10x_StdPeriph_Driver\src/stm32f10x_rcc.c:1138
  /* Check the parameters */
  assert_param(IS_RCC_APB1_PERIPH(RCC_APB1Periph));
  assert_param(IS_FUNCTIONAL_STATE(NewState));
  if (NewState != DISABLE)
   2:	b111      	cbz	r1, a <RCC_APB1PeriphClockCmd+0xa>
C:\Downloaded Files\Virtual-Com-2\Virtual-Com-2\Project\Virtual_COM_Port\RIDE\Libraries\STM32F10x_StdPeriph_Driver\src/stm32f10x_rcc.c:1140
  {
    RCC->APB1ENR |= RCC_APB1Periph;
   4:	69da      	ldr	r2, [r3, #28]
   6:	4310      	orrs	r0, r2
   8:	e002      	b.n	10 <RCC_APB1PeriphClockCmd+0x10>
C:\Downloaded Files\Virtual-Com-2\Virtual-Com-2\Project\Virtual_COM_Port\RIDE\Libraries\STM32F10x_StdPeriph_Driver\src/stm32f10x_rcc.c:1144
  }
  else
  {
    RCC->APB1ENR &= ~RCC_APB1Periph;
   a:	69da      	ldr	r2, [r3, #28]
   c:	ea22 0000 	bic.w	r0, r2, r0
  10:	61d8      	str	r0, [r3, #28]
  12:	4770      	bx	lr
  14:	40021000 	.word	0x40021000

Disassembly of section .text.RCC_APB2PeriphResetCmd:

00000000 <RCC_APB2PeriphResetCmd>:
RCC_APB2PeriphResetCmd():
C:\Downloaded Files\Virtual-Com-2\Virtual-Com-2\Project\Virtual_COM_Port\RIDE\Libraries\STM32F10x_StdPeriph_Driver\src/stm32f10x_rcc.c:1193
  * @param  NewState: new state of the specified peripheral reset.
  *   This parameter can be: ENABLE or DISABLE.
  * @retval None
  */
void RCC_APB2PeriphResetCmd(uint32_t RCC_APB2Periph, FunctionalState NewState)
{
   0:	4b04      	ldr	r3, [pc, #16]	; (14 <RCC_APB2PeriphResetCmd+0x14>)
C:\Downloaded Files\Virtual-Com-2\Virtual-Com-2\Project\Virtual_COM_Port\RIDE\Libraries\STM32F10x_StdPeriph_Driver\src/stm32f10x_rcc.c:1197
  /* Check the parameters */
  assert_param(IS_RCC_APB2_PERIPH(RCC_APB2Periph));
  assert_param(IS_FUNCTIONAL_STATE(NewState));
  if (NewState != DISABLE)
   2:	b111      	cbz	r1, a <RCC_APB2PeriphResetCmd+0xa>
C:\Downloaded Files\Virtual-Com-2\Virtual-Com-2\Project\Virtual_COM_Port\RIDE\Libraries\STM32F10x_StdPeriph_Driver\src/stm32f10x_rcc.c:1199
  {
    RCC->APB2RSTR |= RCC_APB2Periph;
   4:	68da      	ldr	r2, [r3, #12]
   6:	4310      	orrs	r0, r2
   8:	e002      	b.n	10 <RCC_APB2PeriphResetCmd+0x10>
C:\Downloaded Files\Virtual-Com-2\Virtual-Com-2\Project\Virtual_COM_Port\RIDE\Libraries\STM32F10x_StdPeriph_Driver\src/stm32f10x_rcc.c:1203
  }
  else
  {
    RCC->APB2RSTR &= ~RCC_APB2Periph;
   a:	68da      	ldr	r2, [r3, #12]
   c:	ea22 0000 	bic.w	r0, r2, r0
  10:	60d8      	str	r0, [r3, #12]
  12:	4770      	bx	lr
  14:	40021000 	.word	0x40021000

Disassembly of section .text.RCC_APB1PeriphResetCmd:

00000000 <RCC_APB1PeriphResetCmd>:
RCC_APB1PeriphResetCmd():
C:\Downloaded Files\Virtual-Com-2\Virtual-Com-2\Project\Virtual_COM_Port\RIDE\Libraries\STM32F10x_StdPeriph_Driver\src/stm32f10x_rcc.c:1224
  * @param  NewState: new state of the specified peripheral clock.
  *   This parameter can be: ENABLE or DISABLE.
  * @retval None
  */
void RCC_APB1PeriphResetCmd(uint32_t RCC_APB1Periph, FunctionalState NewState)
{
   0:	4b04      	ldr	r3, [pc, #16]	; (14 <RCC_APB1PeriphResetCmd+0x14>)
C:\Downloaded Files\Virtual-Com-2\Virtual-Com-2\Project\Virtual_COM_Port\RIDE\Libraries\STM32F10x_StdPeriph_Driver\src/stm32f10x_rcc.c:1228
  /* Check the parameters */
  assert_param(IS_RCC_APB1_PERIPH(RCC_APB1Periph));
  assert_param(IS_FUNCTIONAL_STATE(NewState));
  if (NewState != DISABLE)
   2:	b111      	cbz	r1, a <RCC_APB1PeriphResetCmd+0xa>
C:\Downloaded Files\Virtual-Com-2\Virtual-Com-2\Project\Virtual_COM_Port\RIDE\Libraries\STM32F10x_StdPeriph_Driver\src/stm32f10x_rcc.c:1230
  {
    RCC->APB1RSTR |= RCC_APB1Periph;
   4:	691a      	ldr	r2, [r3, #16]
   6:	4310      	orrs	r0, r2
   8:	e002      	b.n	10 <RCC_APB1PeriphResetCmd+0x10>
C:\Downloaded Files\Virtual-Com-2\Virtual-Com-2\Project\Virtual_COM_Port\RIDE\Libraries\STM32F10x_StdPeriph_Driver\src/stm32f10x_rcc.c:1234
  }
  else
  {
    RCC->APB1RSTR &= ~RCC_APB1Periph;
   a:	691a      	ldr	r2, [r3, #16]
   c:	ea22 0000 	bic.w	r0, r2, r0
  10:	6118      	str	r0, [r3, #16]
  12:	4770      	bx	lr
  14:	40021000 	.word	0x40021000

Disassembly of section .text.RCC_BackupResetCmd:

00000000 <RCC_BackupResetCmd>:
RCC_BackupResetCmd():
C:\Downloaded Files\Virtual-Com-2\Virtual-Com-2\Project\Virtual_COM_Port\RIDE\Libraries\STM32F10x_StdPeriph_Driver\src/stm32f10x_rcc.c:1248
  */
void RCC_BackupResetCmd(FunctionalState NewState)
{
  /* Check the parameters */
  assert_param(IS_FUNCTIONAL_STATE(NewState));
  *(__IO uint32_t *) BDCR_BDRST_BB = (uint32_t)NewState;
   0:	60184b01 	.word	0x60184b01
C:\Downloaded Files\Virtual-Com-2\Virtual-Com-2\Project\Virtual_COM_Port\RIDE\Libraries\STM32F10x_StdPeriph_Driver\src/stm32f10x_rcc.c:1249
}
   4:	4770      	bx	lr
   6:	bf00      	nop
   8:	42420440 	.word	0x42420440

Disassembly of section .text.RCC_ClockSecuritySystemCmd:

00000000 <RCC_ClockSecuritySystemCmd>:
RCC_ClockSecuritySystemCmd():
C:\Downloaded Files\Virtual-Com-2\Virtual-Com-2\Project\Virtual_COM_Port\RIDE\Libraries\STM32F10x_StdPeriph_Driver\src/stm32f10x_rcc.c:1261
  */
void RCC_ClockSecuritySystemCmd(FunctionalState NewState)
{
  /* Check the parameters */
  assert_param(IS_FUNCTIONAL_STATE(NewState));
  *(__IO uint32_t *) CR_CSSON_BB = (uint32_t)NewState;
   0:	4b01      	ldr	r3, [pc, #4]	; (8 <RCC_ClockSecuritySystemCmd+0x8>)
   2:	6018      	str	r0, [r3, #0]
C:\Downloaded Files\Virtual-Com-2\Virtual-Com-2\Project\Virtual_COM_Port\RIDE\Libraries\STM32F10x_StdPeriph_Driver\src/stm32f10x_rcc.c:1262
}
   4:	4770      	bx	lr
   6:	bf00      	nop
   8:	4242004c 	.word	0x4242004c

Disassembly of section .text.RCC_MCOConfig:

00000000 <RCC_MCOConfig>:
RCC_MCOConfig():
C:\Downloaded Files\Virtual-Com-2\Virtual-Com-2\Project\Virtual_COM_Port\RIDE\Libraries\STM32F10x_StdPeriph_Driver\src/stm32f10x_rcc.c:1295
{
  /* Check the parameters */
  assert_param(IS_RCC_MCO(RCC_MCO));

  /* Perform Byte access to MCO bits to select the MCO source */
  *(__IO uint8_t *) CFGR_BYTE4_ADDRESS = RCC_MCO;
   0:	4b01      	ldr	r3, [pc, #4]	; (8 <RCC_MCOConfig+0x8>)
   2:	7018      	strb	r0, [r3, #0]
C:\Downloaded Files\Virtual-Com-2\Virtual-Com-2\Project\Virtual_COM_Port\RIDE\Libraries\STM32F10x_StdPeriph_Driver\src/stm32f10x_rcc.c:1296
}
   4:	4770      	bx	lr
   6:	bf00      	nop
   8:	40021007 	.word	0x40021007

Disassembly of section .text.RCC_GetFlagStatus:

00000000 <RCC_GetFlagStatus>:
RCC_GetFlagStatus():
C:\Downloaded Files\Virtual-Com-2\Virtual-Com-2\Project\Virtual_COM_Port\RIDE\Libraries\STM32F10x_StdPeriph_Driver\src/stm32f10x_rcc.c:1342
  FlagStatus bitstatus = RESET;
  /* Check the parameters */
  assert_param(IS_RCC_FLAG(RCC_FLAG));

  /* Get the RCC register index */
  tmp = RCC_FLAG >> 5;
   0:	0943      	lsrs	r3, r0, #5
C:\Downloaded Files\Virtual-Com-2\Virtual-Com-2\Project\Virtual_COM_Port\RIDE\Libraries\STM32F10x_StdPeriph_Driver\src/stm32f10x_rcc.c:1343
  if (tmp == 1)               /* The flag to check is in CR register */
   2:	2b01      	cmp	r3, #1
   4:	4a07      	ldr	r2, [pc, #28]	; (24 <RCC_GetFlagStatus+0x24>)
   6:	d101      	bne.n	c <RCC_GetFlagStatus+0xc>
C:\Downloaded Files\Virtual-Com-2\Virtual-Com-2\Project\Virtual_COM_Port\RIDE\Libraries\STM32F10x_StdPeriph_Driver\src/stm32f10x_rcc.c:1345
  {
    statusreg = RCC->CR;
   8:	6813      	ldr	r3, [r2, #0]
   a:	e003      	b.n	14 <RCC_GetFlagStatus+0x14>
C:\Downloaded Files\Virtual-Com-2\Virtual-Com-2\Project\Virtual_COM_Port\RIDE\Libraries\STM32F10x_StdPeriph_Driver\src/stm32f10x_rcc.c:1347
  }
  else if (tmp == 2)          /* The flag to check is in BDCR register */
   c:	2b02      	cmp	r3, #2
C:\Downloaded Files\Virtual-Com-2\Virtual-Com-2\Project\Virtual_COM_Port\RIDE\Libraries\STM32F10x_StdPeriph_Driver\src/stm32f10x_rcc.c:1349
  {
    statusreg = RCC->BDCR;
   e:	bf0c      	ite	eq
  10:	6a13      	ldreq	r3, [r2, #32]
C:\Downloaded Files\Virtual-Com-2\Virtual-Com-2\Project\Virtual_COM_Port\RIDE\Libraries\STM32F10x_StdPeriph_Driver\src/stm32f10x_rcc.c:1353
  }
  else                       /* The flag to check is in CSR register */
  {
    statusreg = RCC->CSR;
  12:	6a53      	ldrne	r3, [r2, #36]	; 0x24
C:\Downloaded Files\Virtual-Com-2\Virtual-Com-2\Project\Virtual_COM_Port\RIDE\Libraries\STM32F10x_StdPeriph_Driver\src/stm32f10x_rcc.c:1357
  }

  /* Get the flag position */
  tmp = RCC_FLAG & FLAG_Mask;
  14:	f000 001f 	and.w	r0, r0, #31
C:\Downloaded Files\Virtual-Com-2\Virtual-Com-2\Project\Virtual_COM_Port\RIDE\Libraries\STM32F10x_StdPeriph_Driver\src/stm32f10x_rcc.c:1358
  if ((statusreg & ((uint32_t)1 << tmp)) != (uint32_t)RESET)
  18:	fa33 f000 	lsrs.w	r0, r3, r0
C:\Downloaded Files\Virtual-Com-2\Virtual-Com-2\Project\Virtual_COM_Port\RIDE\Libraries\STM32F10x_StdPeriph_Driver\src/stm32f10x_rcc.c:1369
    bitstatus = RESET;
  }

  /* Return the flag status */
  return bitstatus;
}
  1c:	f000 0001 	and.w	r0, r0, #1
  20:	4770      	bx	lr
  22:	bf00      	nop
  24:	40021000 	.word	0x40021000

Disassembly of section .text.RCC_WaitForHSEStartUp:

00000000 <RCC_WaitForHSEStartUp>:
RCC_WaitForHSEStartUp():
C:\Downloaded Files\Virtual-Com-2\Virtual-Com-2\Project\Virtual_COM_Port\RIDE\Libraries\STM32F10x_StdPeriph_Driver\src/stm32f10x_rcc.c:314
  * @retval An ErrorStatus enumuration value:
  * - SUCCESS: HSE oscillator is stable and ready to use
  * - ERROR: HSE oscillator not yet ready
  */
ErrorStatus RCC_WaitForHSEStartUp(void)
{
   0:	b507      	push	{r0, r1, r2, lr}
C:\Downloaded Files\Virtual-Com-2\Virtual-Com-2\Project\Virtual_COM_Port\RIDE\Libraries\STM32F10x_StdPeriph_Driver\src/stm32f10x_rcc.c:315
  __IO uint32_t StartUpCounter = 0;
   2:	2300      	movs	r3, #0
   4:	9301      	str	r3, [sp, #4]
C:\Downloaded Files\Virtual-Com-2\Virtual-Com-2\Project\Virtual_COM_Port\RIDE\Libraries\STM32F10x_StdPeriph_Driver\src/stm32f10x_rcc.c:322
  FlagStatus HSEStatus = RESET;
  
  /* Wait till HSE is ready and if Time out is reached exit */
  do
  {
    HSEStatus = RCC_GetFlagStatus(RCC_FLAG_HSERDY);
   6:	2031      	movs	r0, #49	; 0x31
   8:	f7ff fffe 	bl	0 <RCC_WaitForHSEStartUp>
C:\Downloaded Files\Virtual-Com-2\Virtual-Com-2\Project\Virtual_COM_Port\RIDE\Libraries\STM32F10x_StdPeriph_Driver\src/stm32f10x_rcc.c:323
    StartUpCounter++;  
   c:	9b01      	ldr	r3, [sp, #4]
   e:	3301      	adds	r3, #1
  10:	9301      	str	r3, [sp, #4]
C:\Downloaded Files\Virtual-Com-2\Virtual-Com-2\Project\Virtual_COM_Port\RIDE\Libraries\STM32F10x_StdPeriph_Driver\src/stm32f10x_rcc.c:324
  } while((StartUpCounter != HSEStartUp_TimeOut) && (HSEStatus == RESET));
  12:	9b01      	ldr	r3, [sp, #4]
  14:	f5b3 6fa0 	cmp.w	r3, #1280	; 0x500
  18:	d001      	beq.n	1e <RCC_WaitForHSEStartUp+0x1e>
  1a:	2800      	cmp	r0, #0
  1c:	d0f3      	beq.n	6 <RCC_WaitForHSEStartUp+0x6>
C:\Downloaded Files\Virtual-Com-2\Virtual-Com-2\Project\Virtual_COM_Port\RIDE\Libraries\STM32F10x_StdPeriph_Driver\src/stm32f10x_rcc.c:326
  
  if (RCC_GetFlagStatus(RCC_FLAG_HSERDY) != RESET)
  1e:	2031      	movs	r0, #49	; 0x31
  20:	f7ff fffe 	bl	0 <RCC_WaitForHSEStartUp>
C:\Downloaded Files\Virtual-Com-2\Virtual-Com-2\Project\Virtual_COM_Port\RIDE\Libraries\STM32F10x_StdPeriph_Driver\src/stm32f10x_rcc.c:335
  else
  {
    status = ERROR;
  }  
  return (status);
}
  24:	3800      	subs	r0, #0
  26:	bf18      	it	ne
  28:	2001      	movne	r0, #1
  2a:	bd0e      	pop	{r1, r2, r3, pc}

Disassembly of section .text.RCC_ClearFlag:

00000000 <RCC_ClearFlag>:
RCC_ClearFlag():
C:\Downloaded Files\Virtual-Com-2\Virtual-Com-2\Project\Virtual_COM_Port\RIDE\Libraries\STM32F10x_StdPeriph_Driver\src/stm32f10x_rcc.c:1381
  * @retval None
  */
void RCC_ClearFlag(void)
{
  /* Set RMVF bit to clear the reset flags */
  RCC->CSR |= CSR_RMVF_Set;
   0:	4b02      	ldr	r3, [pc, #8]	; (c <RCC_ClearFlag+0xc>)
   2:	6a5a      	ldr	r2, [r3, #36]	; 0x24
   4:	f042 7280 	orr.w	r2, r2, #16777216	; 0x1000000
   8:	625a      	str	r2, [r3, #36]	; 0x24
C:\Downloaded Files\Virtual-Com-2\Virtual-Com-2\Project\Virtual_COM_Port\RIDE\Libraries\STM32F10x_StdPeriph_Driver\src/stm32f10x_rcc.c:1382
}
   a:	4770      	bx	lr
   c:	40021000 	.word	0x40021000

Disassembly of section .text.RCC_GetITStatus:

00000000 <RCC_GetITStatus>:
RCC_GetITStatus():
C:\Downloaded Files\Virtual-Com-2\Virtual-Com-2\Project\Virtual_COM_Port\RIDE\Libraries\STM32F10x_StdPeriph_Driver\src/stm32f10x_rcc.c:1416
  ITStatus bitstatus = RESET;
  /* Check the parameters */
  assert_param(IS_RCC_GET_IT(RCC_IT));

  /* Check the status of the specified RCC interrupt */
  if ((RCC->CIR & RCC_IT) != (uint32_t)RESET)
   0:	4b03      	ldr	r3, [pc, #12]	; (10 <RCC_GetITStatus+0x10>)
   2:	689b      	ldr	r3, [r3, #8]
C:\Downloaded Files\Virtual-Com-2\Virtual-Com-2\Project\Virtual_COM_Port\RIDE\Libraries\STM32F10x_StdPeriph_Driver\src/stm32f10x_rcc.c:1418
  {
    bitstatus = SET;
   4:	4218      	tst	r0, r3
C:\Downloaded Files\Virtual-Com-2\Virtual-Com-2\Project\Virtual_COM_Port\RIDE\Libraries\STM32F10x_StdPeriph_Driver\src/stm32f10x_rcc.c:1427
    bitstatus = RESET;
  }

  /* Return the RCC_IT status */
  return  bitstatus;
}
   6:	bf0c      	ite	eq
   8:	2000      	moveq	r0, #0
   a:	2001      	movne	r0, #1
   c:	4770      	bx	lr
   e:	bf00      	nop
  10:	40021000 	.word	0x40021000

Disassembly of section .text.RCC_ClearITPendingBit:

00000000 <RCC_ClearITPendingBit>:
RCC_ClearITPendingBit():
C:\Downloaded Files\Virtual-Com-2\Virtual-Com-2\Project\Virtual_COM_Port\RIDE\Libraries\STM32F10x_StdPeriph_Driver\src/stm32f10x_rcc.c:1462
  /* Check the parameters */
  assert_param(IS_RCC_CLEAR_IT(RCC_IT));

  /* Perform Byte access to RCC_CIR[23:16] bits to clear the selected interrupt
     pending bits */
  *(__IO uint8_t *) CIR_BYTE3_ADDRESS = RCC_IT;
   0:	70184b01 	.word	0x70184b01
C:\Downloaded Files\Virtual-Com-2\Virtual-Com-2\Project\Virtual_COM_Port\RIDE\Libraries\STM32F10x_StdPeriph_Driver\src/stm32f10x_rcc.c:1463
}
   4:	4770      	bx	lr
   6:	bf00      	nop
   8:	4002100a 	.word	0x4002100a
