
C:\Downloaded Files\Virtual-Com-2\Virtual-Com-2\Project\Virtual_COM_Port\RIDE\STM3210E-OPEN4\usb_sil.o:     file format elf32-littlearm
C:\Downloaded Files\Virtual-Com-2\Virtual-Com-2\Project\Virtual_COM_Port\RIDE\STM3210E-OPEN4\usb_sil.o


Disassembly of section .text.USB_SIL_Init:

00000000 <USB_SIL_Init>:
USB_SIL_Init():
C:\Downloaded Files\Virtual-Com-2\Virtual-Com-2\Project\Virtual_COM_Port\RIDE\Libraries\STM32_USB-FS-Device_Driver\src/usb_sil.c:41
{
#ifndef STM32F10X_CL
  
  /* USB interrupts initialization */
  /* clear pending interrupts */
  _SetISTR(0);
   0:	4b04      	ldr	r3, [pc, #16]	; (14 <USB_SIL_Init+0x14>)
   2:	2000      	movs	r0, #0
C:\Downloaded Files\Virtual-Com-2\Virtual-Com-2\Project\Virtual_COM_Port\RIDE\Libraries\STM32_USB-FS-Device_Driver\src/usb_sil.c:42
  wInterrupt_Mask = IMR_MSK;
   4:	4a04      	ldr	r2, [pc, #16]	; (18 <USB_SIL_Init+0x18>)
C:\Downloaded Files\Virtual-Com-2\Virtual-Com-2\Project\Virtual_COM_Port\RIDE\Libraries\STM32_USB-FS-Device_Driver\src/usb_sil.c:41
{
#ifndef STM32F10X_CL
  
  /* USB interrupts initialization */
  /* clear pending interrupts */
  _SetISTR(0);
   6:	6018      	str	r0, [r3, #0]
C:\Downloaded Files\Virtual-Com-2\Virtual-Com-2\Project\Virtual_COM_Port\RIDE\Libraries\STM32_USB-FS-Device_Driver\src/usb_sil.c:42
  wInterrupt_Mask = IMR_MSK;
   8:	f44f 4306 	mov.w	r3, #34304	; 0x8600
   c:	8013      	strh	r3, [r2, #0]
C:\Downloaded Files\Virtual-Com-2\Virtual-Com-2\Project\Virtual_COM_Port\RIDE\Libraries\STM32_USB-FS-Device_Driver\src/usb_sil.c:44
  /* set interrupts mask */
  _SetCNTR(wInterrupt_Mask);
   e:	4a03      	ldr	r2, [pc, #12]	; (1c <USB_SIL_Init+0x1c>)
  10:	6013      	str	r3, [r2, #0]
C:\Downloaded Files\Virtual-Com-2\Virtual-Com-2\Project\Virtual_COM_Port\RIDE\Libraries\STM32_USB-FS-Device_Driver\src/usb_sil.c:54
  OTG_DEV_Init();
  
#endif /* STM32F10X_CL */

  return 0;
}
  12:	4770      	bx	lr
  14:	40005c44 	.word	0x40005c44
  18:	00000000 	.word	0x00000000
  1c:	40005c40 	.word	0x40005c40

Disassembly of section .text.USB_SIL_Write:

00000000 <USB_SIL_Write>:
USB_SIL_Write():
C:\Downloaded Files\Virtual-Com-2\Virtual-Com-2\Project\Virtual_COM_Port\RIDE\Libraries\STM32_USB-FS-Device_Driver\src/usb_sil.c:67
*                  - wBufferSize: Number of data to be written (in bytes).
* Output         : None.
* Return         : Status.
*******************************************************************************/
uint32_t USB_SIL_Write(uint8_t bEpAddr, uint8_t* pBufferPointer, uint32_t wBufferSize)
{
   0:	b570      	push	{r4, r5, r6, lr}
C:\Downloaded Files\Virtual-Com-2\Virtual-Com-2\Project\Virtual_COM_Port\RIDE\Libraries\STM32_USB-FS-Device_Driver\src/usb_sil.c:71
#ifndef STM32F10X_CL

  /* Use the memory interface function to write to the selected endpoint */
  UserToPMABufferCopy(pBufferPointer, GetEPTxAddr(bEpAddr & 0x7F), wBufferSize);
   2:	f000 057f 	and.w	r5, r0, #127	; 0x7f
   6:	4628      	mov	r0, r5
C:\Downloaded Files\Virtual-Com-2\Virtual-Com-2\Project\Virtual_COM_Port\RIDE\Libraries\STM32_USB-FS-Device_Driver\src/usb_sil.c:67
*                  - wBufferSize: Number of data to be written (in bytes).
* Output         : None.
* Return         : Status.
*******************************************************************************/
uint32_t USB_SIL_Write(uint8_t bEpAddr, uint8_t* pBufferPointer, uint32_t wBufferSize)
{
   8:	460e      	mov	r6, r1
   a:	4614      	mov	r4, r2
C:\Downloaded Files\Virtual-Com-2\Virtual-Com-2\Project\Virtual_COM_Port\RIDE\Libraries\STM32_USB-FS-Device_Driver\src/usb_sil.c:71
#ifndef STM32F10X_CL

  /* Use the memory interface function to write to the selected endpoint */
  UserToPMABufferCopy(pBufferPointer, GetEPTxAddr(bEpAddr & 0x7F), wBufferSize);
   c:	f7ff fffe 	bl	0 <GetEPTxAddr>
  10:	b2a4      	uxth	r4, r4
  12:	4601      	mov	r1, r0
  14:	4622      	mov	r2, r4
  16:	4630      	mov	r0, r6
  18:	f7ff fffe 	bl	0 <UserToPMABufferCopy>
C:\Downloaded Files\Virtual-Com-2\Virtual-Com-2\Project\Virtual_COM_Port\RIDE\Libraries\STM32_USB-FS-Device_Driver\src/usb_sil.c:74

  /* Update the data length in the control register */
  SetEPTxCount((bEpAddr & 0x7F), wBufferSize);
  1c:	4628      	mov	r0, r5
  1e:	4621      	mov	r1, r4
  20:	f7ff fffe 	bl	0 <SetEPTxCount>
C:\Downloaded Files\Virtual-Com-2\Virtual-Com-2\Project\Virtual_COM_Port\RIDE\Libraries\STM32_USB-FS-Device_Driver\src/usb_sil.c:84
   PCD_EP_Write (bEpAddr, pBufferPointer, wBufferSize); 
   
#endif /* STM32F10X_CL */

  return 0;
}
  24:	2000      	movs	r0, #0
  26:	bd70      	pop	{r4, r5, r6, pc}

Disassembly of section .text.USB_SIL_Read:

00000000 <USB_SIL_Read>:
USB_SIL_Read():
C:\Downloaded Files\Virtual-Com-2\Virtual-Com-2\Project\Virtual_COM_Port\RIDE\Libraries\STM32_USB-FS-Device_Driver\src/usb_sil.c:96
*                     received data buffer.
* Output         : None.
* Return         : Number of received data (in Bytes).
*******************************************************************************/
uint32_t USB_SIL_Read(uint8_t bEpAddr, uint8_t* pBufferPointer)
{
   0:	b570      	push	{r4, r5, r6, lr}
C:\Downloaded Files\Virtual-Com-2\Virtual-Com-2\Project\Virtual_COM_Port\RIDE\Libraries\STM32_USB-FS-Device_Driver\src/usb_sil.c:102
  uint32_t DataLength = 0;

#ifndef STM32F10X_CL

  /* Get the number of received data on the selected Endpoint */
  DataLength = GetEPRxCount(bEpAddr & 0x7F);
   2:	f000 057f 	and.w	r5, r0, #127	; 0x7f
   6:	4628      	mov	r0, r5
C:\Downloaded Files\Virtual-Com-2\Virtual-Com-2\Project\Virtual_COM_Port\RIDE\Libraries\STM32_USB-FS-Device_Driver\src/usb_sil.c:96
*                     received data buffer.
* Output         : None.
* Return         : Number of received data (in Bytes).
*******************************************************************************/
uint32_t USB_SIL_Read(uint8_t bEpAddr, uint8_t* pBufferPointer)
{
   8:	460e      	mov	r6, r1
C:\Downloaded Files\Virtual-Com-2\Virtual-Com-2\Project\Virtual_COM_Port\RIDE\Libraries\STM32_USB-FS-Device_Driver\src/usb_sil.c:102
  uint32_t DataLength = 0;

#ifndef STM32F10X_CL

  /* Get the number of received data on the selected Endpoint */
  DataLength = GetEPRxCount(bEpAddr & 0x7F);
   a:	f7ff fffe 	bl	0 <GetEPRxCount>
   e:	4604      	mov	r4, r0
C:\Downloaded Files\Virtual-Com-2\Virtual-Com-2\Project\Virtual_COM_Port\RIDE\Libraries\STM32_USB-FS-Device_Driver\src/usb_sil.c:105
  
  /* Use the memory interface function to write to the selected endpoint */
  PMAToUserBufferCopy(pBufferPointer, GetEPRxAddr(bEpAddr & 0x7F), DataLength);
  10:	4628      	mov	r0, r5
  12:	f7ff fffe 	bl	0 <GetEPRxAddr>
  16:	4622      	mov	r2, r4
  18:	4601      	mov	r1, r0
  1a:	4630      	mov	r0, r6
  1c:	f7ff fffe 	bl	0 <PMAToUserBufferCopy>
C:\Downloaded Files\Virtual-Com-2\Virtual-Com-2\Project\Virtual_COM_Port\RIDE\Libraries\STM32_USB-FS-Device_Driver\src/usb_sil.c:124
  
#endif /* STM32F10X_CL */

  /* Return the number of received data */
  return DataLength;
}
  20:	4620      	mov	r0, r4
  22:	bd70      	pop	{r4, r5, r6, pc}
